[2026-07-07 10:01] Changes detected, starting sync...
[2026-07-07 10:01] Files staged for commit
[2026-07-07 10:01] Committed: [main 9b2263a] Auto-sync: Wiki updates (2026-07-07 10:01)
 21 files changed, 1714 insertions(+)
 cre
[2026-07-07 10:01] Git push failed: error: src refspec master does not match any
error: failed to push some refs to 'https://github.com/easonLiangWorldedtech/kancolle-wiki.git'
[2026-07-07 10:01] Changes detected, starting sync...
[2026-07-07 10:01] Files staged for commit
[2026-07-07 10:01] Committed: [main b26f6b3] Auto-sync: Wiki updates (2026-07-07 10:01)
 1 file changed, 7 insertions(+)
[2026-07-07 10:01] Git push failed: fatal: unable to access 'https://github.com/easonLiangWorldedtech/kancolle-wiki.git/': Failed to connect to github.com port 443 after 21127 ms: Could not connect to server
[2026-07-08 10:01] Changes detected, starting sync...
[2026-07-08 10:01] Files staged for commit
[2026-07-08 10:01] Committed: [main 5c3591f] Auto-sync: Wiki updates (2026-07-08 10:01)
 11 files changed, 839 insertions(+), 3 de
[2026-07-08 10:01] Pushed to GitHub successfully
[2026-07-09 10:00] Changes detected, starting sync...
[2026-07-09 10:00] Files staged for commit
[2026-07-09 10:00] Committed: [main 96f288b] Auto-sync: Wiki updates (2026-07-09 10:00)
 7 files changed, 11030 insertions(+), 118
[2026-07-09 10:00] Pushed to GitHub successfully
[2026-07-10 10:01] Changes detected, starting sync...
